<?xml version="1.0" encoding="UTF-8"?>
<!-- Generated by org.testng.reporters.JUnitXMLReporter -->
<testsuite ignored="0" hostname="DESKTOP-6CQM396" failures="0" tests="4" name="Default test" time="26.369" errors="0" timestamp="2022-05-31T11:08:32 IST">
  <testcase classname="com.flpkart.tests.PlaceOrder" name="f" time="0.007"/>
  <testcase classname="com.flpkart.tests.PlaceOrder" name="f" time="0.011"/>
  <testcase classname="com.flpkart.tests.PlaceOrder" name="loginTest" time="6.846"/>
  <testcase classname="com.flpkart.tests.PlaceOrder" name="searchproductpage" time="5.186"/>
</testsuite> <!-- Default test -->
