<?xml version="1.0" encoding="UTF-8"?>
<testng-results ignored="0" total="4" passed="4" failed="0" skipped="0">
  <reporter-output>
  </reporter-output>
  <suite started-at="2022-05-31T11:08:06 IST" name="Default suite" finished-at="2022-05-31T11:08:32 IST" duration-ms="26369">
    <groups>
    </groups>
    <test started-at="2022-05-31T11:08:06 IST" name="Default test" finished-at="2022-05-31T11:08:32 IST" duration-ms="26369">
      <class name="com.flpkart.tests.PlaceOrder">
        <test-method is-config="true" signature="beforeClass()[pri:0, instance:com.flpkart.tests.PlaceOrder@58695725]" started-at="2022-05-31T11:08:06 IST" name="beforeClass" finished-at="2022-05-31T11:08:20 IST" duration-ms="14234" status="PASS">
          <reporter-output>
          </reporter-output>
        </test-method> <!-- beforeClass -->
        <test-method signature="f(java.lang.Integer,java.lang.String)[pri:0, instance:com.flpkart.tests.PlaceOrder@58695725]" started-at="2022-05-31T11:08:20 IST" name="f" data-provider="dp" finished-at="2022-05-31T11:08:20 IST" duration-ms="7" status="PASS">
          <params>
            <param index="0">
              <value>
                <![CDATA[1]]>
              </value>
            </param>
            <param index="1">
              <value>
                <![CDATA[a]]>
              </value>
            </param>
          </params>
          <reporter-output>
          </reporter-output>
        </test-method> <!-- f -->
        <test-method signature="f(java.lang.Integer,java.lang.String)[pri:0, instance:com.flpkart.tests.PlaceOrder@58695725]" started-at="2022-05-31T11:08:20 IST" name="f" data-provider="dp" finished-at="2022-05-31T11:08:20 IST" duration-ms="11" status="PASS">
          <params>
            <param index="0">
              <value>
                <![CDATA[2]]>
              </value>
            </param>
            <param index="1">
              <value>
                <![CDATA[b]]>
              </value>
            </param>
          </params>
          <reporter-output>
          </reporter-output>
        </test-method> <!-- f -->
        <test-method signature="loginTest()[pri:1, instance:com.flpkart.tests.PlaceOrder@58695725]" started-at="2022-05-31T11:08:20 IST" name="loginTest" finished-at="2022-05-31T11:08:27 IST" duration-ms="6846" status="PASS">
          <reporter-output>
          </reporter-output>
        </test-method> <!-- loginTest -->
        <test-method signature="searchproductpage()[pri:0, instance:com.flpkart.tests.PlaceOrder@58695725]" started-at="2022-05-31T11:08:27 IST" name="searchproductpage" finished-at="2022-05-31T11:08:32 IST" depends-on-methods="com.flpkart.tests.PlaceOrder.loginTest" duration-ms="5186" status="PASS">
          <reporter-output>
          </reporter-output>
        </test-method> <!-- searchproductpage -->
        <test-method is-config="true" signature="afterClass()[pri:0, instance:com.flpkart.tests.PlaceOrder@58695725]" started-at="2022-05-31T11:08:32 IST" name="afterClass" finished-at="2022-05-31T11:08:32 IST" duration-ms="0" status="PASS">
          <reporter-output>
          </reporter-output>
        </test-method> <!-- afterClass -->
      </class> <!-- com.flpkart.tests.PlaceOrder -->
    </test> <!-- Default test -->
  </suite> <!-- Default suite -->
</testng-results>
